build/app/outputs/mapping/release/mapping.txt
# compiler: R8
# compiler_version: 2.1.62
# min_api: 19
# pg_map_id: 069e786
# common_typos_disable
...
io.flutter.embedding.engine.loader.FlutterLoader$1 -> io.flutter.embedding.engine.g.c$a:
    android.content.Context val$appContext -> a
    io.flutter.embedding.engine.loader.FlutterLoader this$0 -> b
    io.flutter.embedding.engine.loader.FlutterLoader$InitResult call() -> a
io.flutter.embedding.engine.loader.FlutterLoader$1$1 -> io.flutter.embedding.engine.g.c$a$a:
    io.flutter.embedding.engine.loader.FlutterLoader$1 this$1 -> a
io.flutter.embedding.engine.loader.FlutterLoader$InitResult -> io.flutter.embedding.engine.g.c$b:
    java.lang.String appStoragePath -> a
    java.lang.String engineCachesPath -> b
io.flutter.embedding.engine.loader.FlutterLoader$Settings -> io.flutter.embedding.engine.g.c$c:
    java.lang.String logTag -> a
    java.lang.String getLogTag() -> a
io.flutter.embedding.engine.loader.ResourceExtractor -> io.flutter.embedding.engine.g.d:
    void waitForCompletion() -> a
io.flutter.embedding.engine.mutatorsstack.FlutterMutatorView -> io.flutter.embedding.engine.mutatorsstack.a:
    int prevTop -> f
    float screenDensity -> b
    int top -> d
    io.flutter.embedding.engine.mutatorsstack.FlutterMutatorsStack mutatorsStack -> a
    int prevLeft -> e
    io.flutter.embedding.android.AndroidTouchProcessor androidTouchProcessor -> g
    int left -> c
    void readyToDisplay(io.flutter.embedding.engine.mutatorsstack.FlutterMutatorsStack,int,int,int,int) -> a
io.flutter.embedding.engine.mutatorsstack.FlutterMutatorsStack$FlutterMutator -> io.flutter.embedding.engine.mutatorsstack.FlutterMutatorsStack$a:
    android.graphics.Matrix matrix -> a
    android.graphics.Matrix getMatrix() -> a
io.flutter.embedding.engine.mutatorsstack.FlutterMutatorsStack$FlutterMutatorType -> io.flutter.embedding.engine.mutatorsstack.FlutterMutatorsStack$b:
    io.flutter.embedding.engine.mutatorsstack.FlutterMutatorsStack$FlutterMutatorType[] $VALUES -> f
    io.flutter.embedding.engine.mutatorsstack.FlutterMutatorsStack$FlutterMutatorType TRANSFORM -> d
    io.flutter.embedding.engine.mutatorsstack.FlutterMutatorsStack$FlutterMutatorType OPACITY -> e
    io.flutter.embedding.engine.mutatorsstack.FlutterMutatorsStack$FlutterMutatorType CLIP_RECT -> a
    io.flutter.embedding.engine.mutatorsstack.FlutterMutatorsStack$FlutterMutatorType CLIP_RRECT -> b
    io.flutter.embedding.engine.mutatorsstack.FlutterMutatorsStack$FlutterMutatorType CLIP_PATH -> c
io.flutter.embedding.engine.plugins.FlutterPlugin -> io.flutter.embedding.engine.h.a:
    void onDetachedFromEngine(io.flutter.embedding.engine.plugins.FlutterPlugin$FlutterPluginBinding) -> a
io.flutter.embedding.engine.plugins.FlutterPlugin$FlutterAssets -> io.flutter.embedding.engine.h.a$a:
io.flutter.embedding.engine.plugins.FlutterPlugin$FlutterPluginBinding -> io.flutter.embedding.engine.h.a$b:
io.flutter.embedding.engine.plugins.activity.ActivityAware -> io.flutter.embedding.engine.h.b.a:
    void onDetachedFromActivity() -> a
    void onAttachedToActivity(io.flutter.embedding.engine.plugins.activity.ActivityPluginBinding) -> b
    void onReattachedToActivityForConfigChanges(io.flutter.embedding.engine.plugins.activity.ActivityPluginBinding) -> c
    void onDetachedFromActivityForConfigChanges() -> d
io.flutter.embedding.engine.plugins.activity.ActivityControlSurface -> io.flutter.embedding.engine.h.b.b:
    void onRestoreInstanceState(android.os.Bundle) -> a
    boolean onRequestPermissionsResult(int,java.lang.String[],int[]) -> b
    boolean onActivityResult(int,int,android.content.Intent) -> c
    void onNewIntent(android.content.Intent) -> d
    void onSaveInstanceState(android.os.Bundle) -> e
    void onUserLeaveHint() -> f
    void attachToActivity(io.flutter.embedding.android.ExclusiveAppComponent,androidx.lifecycle.Lifecycle) -> g
    void detachFromActivity() -> h
    void detachFromActivityForConfigChanges() -> i
io.flutter.embedding.engine.plugins.activity.ActivityPluginBinding -> io.flutter.embedding.engine.h.b.c: